<?xml version="1.0" encoding="UTF-8"?>
<!-- Generated by org.testng.reporters.JUnitReportReporter -->
<testsuite hostname="EPBYMINW2457" name="com.epam.tat.module4.test.MultTest" tests="2" failures="0" timestamp="11 Apr 2018 08:23:26 GMT" time="2.016" errors="0">
  <testcase name="simpleMultTest" time="1.000" classname="com.epam.tat.module4.test.MultTest"/>
  <testcase name="simpleMultTest" time="1.016" classname="com.epam.tat.module4.test.MultTest"/>
</testsuite> <!-- com.epam.tat.module4.test.MultTest -->
