<?xml version="1.0" encoding="UTF-8"?>
<!-- Generated by org.testng.reporters.JUnitReportReporter -->
<testsuite hostname="EPBYMINW2457" name="com.epam.tat.module4.test.PowTest" tests="2" failures="0" timestamp="11 Apr 2018 08:23:25 GMT" time="2.030" errors="0">
  <testcase name="powTest" time="1.015" classname="com.epam.tat.module4.test.PowTest"/>
  <testcase name="powTest" time="1.015" classname="com.epam.tat.module4.test.PowTest"/>
</testsuite> <!-- com.epam.tat.module4.test.PowTest -->
