<?xml version="1.0" encoding="UTF-8"?>
<!-- Generated by org.testng.reporters.JUnitReportReporter -->
<testsuite hostname="EPBYMINW2457" name="com.epam.tat.module4.test.PositiveNegativeTest" tests="4" failures="0" timestamp="11 Apr 2018 08:23:25 GMT" time="4.033" errors="0">
  <testcase name="isPositiveTest" time="1.001" classname="com.epam.tat.module4.test.PositiveNegativeTest"/>
  <testcase name="isNegativeTest" time="1.001" classname="com.epam.tat.module4.test.PositiveNegativeTest"/>
  <testcase name="isNegativeTest" time="1.015" classname="com.epam.tat.module4.test.PositiveNegativeTest"/>
  <testcase name="isPositiveTest" time="1.016" classname="com.epam.tat.module4.test.PositiveNegativeTest"/>
</testsuite> <!-- com.epam.tat.module4.test.PositiveNegativeTest -->
