<?xml version="1.0" encoding="UTF-8"?>
<!-- Generated by org.testng.reporters.JUnitReportReporter -->
<testsuite hostname="EPBYMINW2457" name="com.epam.tat.module4.test.DivTest" tests="8" failures="0" timestamp="11 Apr 2018 08:23:26 GMT" time="6.076" errors="0">
  <testcase name="divTest" time="1.016" classname="com.epam.tat.module4.test.DivTest"/>
  <testcase name="divTest" time="1.015" classname="com.epam.tat.module4.test.DivTest"/>
  <testcase name="divTest" time="1.016" classname="com.epam.tat.module4.test.DivTest"/>
  <testcase name="divTest" time="1.000" classname="com.epam.tat.module4.test.DivTest"/>
  <testcase name="zeroDivisionTest" time="0.000" classname="com.epam.tat.module4.test.DivTest"/>
  <testcase name="divTest" time="1.014" classname="com.epam.tat.module4.test.DivTest"/>
  <testcase name="zeroDivisionTest" time="0.000" classname="com.epam.tat.module4.test.DivTest"/>
  <testcase name="divTest" time="1.015" classname="com.epam.tat.module4.test.DivTest"/>
</testsuite> <!-- com.epam.tat.module4.test.DivTest -->
