<?xml version="1.0" encoding="UTF-8"?>
<!-- Generated by org.testng.reporters.JUnitReportReporter -->
<testsuite hostname="EPBYMINW2457" name="com.epam.tat.module4.test.SumTest" tests="6" failures="0" timestamp="11 Apr 2018 08:23:25 GMT" time="6.048" errors="0">
  <testcase name="sumTest" time="1.002" classname="com.epam.tat.module4.test.SumTest"/>
  <testcase name="sumTest" time="1.000" classname="com.epam.tat.module4.test.SumTest"/>
  <testcase name="sumTest" time="1.015" classname="com.epam.tat.module4.test.SumTest"/>
  <testcase name="sumTest" time="1.001" classname="com.epam.tat.module4.test.SumTest"/>
  <testcase name="sumTest" time="1.000" classname="com.epam.tat.module4.test.SumTest"/>
  <testcase name="sumTest" time="1.030" classname="com.epam.tat.module4.test.SumTest"/>
</testsuite> <!-- com.epam.tat.module4.test.SumTest -->
