<?xml version="1.0" encoding="UTF-8"?>
<!-- Generated by org.testng.reporters.JUnitReportReporter -->
<testsuite hostname="EPBYMINW2457" name="com.epam.tat.module4.test.SumDoubleTest" tests="6" failures="0" timestamp="11 Apr 2018 08:23:26 GMT" time="6.066" errors="0">
  <testcase name="sumDoubleTest" time="1.015" classname="com.epam.tat.module4.test.SumDoubleTest"/>
  <testcase name="sumDoubleTest" time="1.020" classname="com.epam.tat.module4.test.SumDoubleTest"/>
  <testcase name="sumDoubleTest" time="1.001" classname="com.epam.tat.module4.test.SumDoubleTest"/>
  <testcase name="sumDoubleTest" time="1.000" classname="com.epam.tat.module4.test.SumDoubleTest"/>
  <testcase name="sumDoubleTest" time="1.015" classname="com.epam.tat.module4.test.SumDoubleTest"/>
  <testcase name="sumDoubleTest" time="1.015" classname="com.epam.tat.module4.test.SumDoubleTest"/>
</testsuite> <!-- com.epam.tat.module4.test.SumDoubleTest -->
